<?xml version="1.0" encoding="UTF-8"?>
<!-- Generated by org.testng.reporters.JUnitReportReporter -->
<testsuite skipped="0" hostname="BLR-9YB1M13-10L" name="testRunner.TestRunner" tests="1" failures="0" timestamp="2020-09-14T00:51:19 IST" time="2.367" errors="0">
  <testcase name="feature" time="2.367" classname="testRunner.TestRunner"/>
  <system-out/>
</testsuite> <!-- testRunner.TestRunner -->
